<?xml version="1.0" encoding="UTF-8" ?>
<testsuite tests="1" failures="0" name="com.meradel.runners.CukesRunner" time="7.606" errors="1" skipped="0">
  <properties>
[...]
</properties>
  <testcase classname="EMPTY_NAME" name="Buy a product" time="7.606">
    <error message="element click intercepted: Element &lt;span&gt;...&lt;/span&gt; is not clickable at point (768, 394). Other element would receive the click: &lt;div class=&quot;fancybox-overlay fancybox-overlay-fixed&quot; style=&quot;display: block; width: auto; height: auto; opacity: 0.0256;&quot;&gt;&lt;/div&gt;
  (Session info: chrome=75.0.3770.100)
Build info: version: &apos;3.141.59&apos;, revision: &apos;e82be7d358&apos;, time: &apos;2018-11-14T08:17:03&apos;
System info: host: &apos;Miradels-MacBook-Pro.local&apos;, ip: &apos;fe80:0:0:0:63:bee6:ce7d:8d0f%en0&apos;, os.name: &apos;Mac OS X&apos;, os.arch: &apos;x86_64&apos;, os.version: &apos;10.14.5&apos;, java.version: &apos;1.8.0_181&apos;
Driver info: org.openqa.selenium.chrome.ChromeDriver
Capabilities {acceptInsecureCerts: false, browserName: chrome, browserVersion: 75.0.3770.100, chrome: {chromedriverVersion: 75.0.3770.8 (681f24ea911fe7..., userDataDir: /var/folders/99/kghhs0g14cj...}, goog:chromeOptions: {debuggerAddress: localhost:62128}, javascriptEnabled: true, networkConnectionEnabled: false, pageLoadStrategy: normal, platform: MAC, platformName: MAC, proxy: Proxy(), setWindowRect: true, strictFileInteractability: false, timeouts: {implicit: 0, pageLoad: 300000, script: 30000}, unhandledPromptBehavior: dismiss and notify}
Session ID: 6340a297b3837c03442ff5a7bf343094" type="org.openqa.selenium.ElementClickInterceptedException">org.openqa.selenium.ElementClickInterceptedException: element click intercepted: Element &lt;span&gt;...&lt;/span&gt; is not clickable at point (768, 394). Other element would receive the click: &lt;div class=&quot;fancybox-overlay fancybox-overlay-fixed&quot; style=&quot;display: block; width: auto; height: auto; opacity: 0.0256;&quot;&gt;&lt;/div&gt;
  (Session info: chrome=75.0.3770.100)
Build info: version: &apos;3.141.59&apos;, revision: &apos;e82be7d358&apos;, time: &apos;2018-11-14T08:17:03&apos;
System info: host: &apos;Miradels-MacBook-Pro.local&apos;, ip: &apos;fe80:0:0:0:63:bee6:ce7d:8d0f%en0&apos;, os.name: &apos;Mac OS X&apos;, os.arch: &apos;x86_64&apos;, os.version: &apos;10.14.5&apos;, java.version: &apos;1.8.0_181&apos;
Driver info: org.openqa.selenium.chrome.ChromeDriver
Capabilities {acceptInsecureCerts: false, browserName: chrome, browserVersion: 75.0.3770.100, chrome: {chromedriverVersion: 75.0.3770.8 (681f24ea911fe7..., userDataDir: /var/folders/99/kghhs0g14cj...}, goog:chromeOptions: {debuggerAddress: localhost:62128}, javascriptEnabled: true, networkConnectionEnabled: false, pageLoadStrategy: normal, platform: MAC, platformName: MAC, proxy: Proxy(), setWindowRect: true, strictFileInteractability: false, timeouts: {implicit: 0, pageLoad: 300000, script: 30000}, unhandledPromptBehavior: dismiss and notify}
Session ID: 6340a297b3837c03442ff5a7bf343094
	at sun.reflect.NativeConstructorAccessorImpl.newInstance0(Native Method)
	at sun.reflect.NativeConstructorAccessorImpl.newInstance(NativeConstructorAccessorImpl.java:62)
	at sun.reflect.DelegatingConstructorAccessorImpl.newInstance(DelegatingConstructorAccessorImpl.java:45)
	at java.lang.reflect.Constructor.newInstance(Constructor.java:423)
	at org.openqa.selenium.remote.http.W3CHttpResponseCodec.createException(W3CHttpResponseCodec.java:187)
	at org.openqa.selenium.remote.http.W3CHttpResponseCodec.decode(W3CHttpResponseCodec.java:122)
	at org.openqa.selenium.remote.http.W3CHttpResponseCodec.decode(W3CHttpResponseCodec.java:49)
	at org.openqa.selenium.remote.HttpCommandExecutor.execute(HttpCommandExecutor.java:158)
	at org.openqa.selenium.remote.service.DriverCommandExecutor.execute(DriverCommandExecutor.java:83)
	at org.openqa.selenium.remote.RemoteWebDriver.execute(RemoteWebDriver.java:552)
	at org.openqa.selenium.remote.RemoteWebElement.execute(RemoteWebElement.java:285)
	at org.openqa.selenium.remote.RemoteWebElement.click(RemoteWebElement.java:84)
	at sun.reflect.NativeMethodAccessorImpl.invoke0(Native Method)
	at sun.reflect.NativeMethodAccessorImpl.invoke(NativeMethodAccessorImpl.java:62)
	at sun.reflect.DelegatingMethodAccessorImpl.invoke(DelegatingMethodAccessorImpl.java:43)
	at java.lang.reflect.Method.invoke(Method.java:498)
	at org.openqa.selenium.support.pagefactory.internal.LocatingElementHandler.invoke(LocatingElementHandler.java:51)
	at com.sun.proxy.$Proxy15.click(Unknown Source)
	at com.meradel.step_definitions.WholeProcessStepDef.click_on(WholeProcessStepDef.java:54)
	at ✽.Click on &apos;Continue shopping&apos;(file:src/test/resources/features/whole_procees_buy_product.feature:9)
</error>
    <system-out>I am setting up the test from the Hooks class!!!
I am reporting the results
Closing driver
</system-out>
    <system-err>Jun 22, 2019 10:25:16 PM cucumber.runtime.java.ObjectFactoryLoader loadSingleObjectFactory
WARNING: Use deprecated reflections to load ObjectFactory.
SLF4J: Failed to load class &quot;org.slf4j.impl.StaticLoggerBinder&quot;.
SLF4J: Defaulting to no-operation (NOP) logger implementation
SLF4J: See http://www.slf4j.org/codes.html#StaticLoggerBinder for further details.
Starting ChromeDriver 75.0.3770.8 (681f24ea911fe754973dda2fdc6d2a2e159dd300-refs/branch-heads/3770@{#40}) on port 36236
Only local connections are allowed.
Please protect ports used by ChromeDriver and related test frameworks to prevent access by malicious code.
Jun 22, 2019 10:25:18 PM org.openqa.selenium.remote.ProtocolHandshake createSession
INFO: Detected dialect: W3C
</system-err>
  </testcase>
</testsuite>